[2021-09-26 09:51:57]: https://www.micsnow.com/?p=6193 - {"headers":{},"body":"{\"remain\":2999,\"success\":1}","response":{"code":200,"message":"OK"},"cookies":[],"filename":null,"http_response":{"data":null,"headers":null,"status":null}}
[2021-09-26 09:51:59]: https://www.micsnow.com/?p=6194 - {"headers":{},"body":"{\"remain\":2998,\"success\":1}","response":{"code":200,"message":"OK"},"cookies":[],"filename":null,"http_response":{"data":null,"headers":null,"status":null}}
[2021-09-26 09:52:03]: https://www.micsnow.com/?p=6195 - {"headers":{},"body":"{\"remain\":2997,\"success\":1}","response":{"code":200,"message":"OK"},"cookies":[],"filename":null,"http_response":{"data":null,"headers":null,"status":null}}
[2021-09-26 09:52:05]: https://www.micsnow.com/?p=6196 - {"headers":{},"body":"{\"remain\":2996,\"success\":1}","response":{"code":200,"message":"OK"},"cookies":[],"filename":null,"http_response":{"data":null,"headers":null,"status":null}}
[2021-09-26 10:26:36]: https://www.micsnow.com/?p=6246 - {"headers":{},"body":"{\"remain\":2995,\"success\":1}","response":{"code":200,"message":"OK"},"cookies":[],"filename":null,"http_response":{"data":null,"headers":null,"status":null}}
[2021-09-26 10:26:38]: https://www.micsnow.com/?p=6247 - {"headers":{},"body":"{\"remain\":2994,\"success\":1}","response":{"code":200,"message":"OK"},"cookies":[],"filename":null,"http_response":{"data":null,"headers":null,"status":null}}
[2021-09-26 10:26:41]: https://www.micsnow.com/?p=6248 - {"headers":{},"body":"{\"remain\":2993,\"success\":1}","response":{"code":200,"message":"OK"},"cookies":[],"filename":null,"http_response":{"data":null,"headers":null,"status":null}}
[2021-09-29 18:05:17]: https://www.micsnow.com/archives/6387 - {"headers":{},"body":"{\"remain\":2999,\"success\":1}","response":{"code":200,"message":"OK"},"cookies":[],"filename":null,"http_response":{"data":null,"headers":null,"status":null}}
[2021-09-29 18:05:17]: https://www.micsnow.com/login-2 - {"headers":{},"body":"{\"remain\":2998,\"success\":1}","response":{"code":200,"message":"OK"},"cookies":[],"filename":null,"http_response":{"data":null,"headers":null,"status":null}}
[2021-09-29 18:05:17]: https://www.micsnow.com/archives/6389 - {"headers":{},"body":"{\"remain\":2997,\"success\":1}","response":{"code":200,"message":"OK"},"cookies":[],"filename":null,"http_response":{"data":null,"headers":null,"status":null}}
[2021-09-29 18:05:18]: https://www.micsnow.com/lost-password - {"headers":{},"body":"{\"remain\":2996,\"success\":1}","response":{"code":200,"message":"OK"},"cookies":[],"filename":null,"http_response":{"data":null,"headers":null,"status":null}}
[2021-09-29 18:05:18]: https://www.micsnow.com/archives/6391 - {"headers":{},"body":"{\"remain\":2995,\"success\":1}","response":{"code":200,"message":"OK"},"cookies":[],"filename":null,"http_response":{"data":null,"headers":null,"status":null}}
[2021-09-29 18:05:18]: https://www.micsnow.com/complete-registration - {"headers":{},"body":"{\"remain\":2994,\"success\":1}","response":{"code":200,"message":"OK"},"cookies":[],"filename":null,"http_response":{"data":null,"headers":null,"status":null}}
[2021-09-30 06:04:18]: https://www.micsnow.com/product/%e5%be%ae%e9%9b%aa%e4%ba%91%e8%bf%9b%e9%94%80%e5%ad%98erp-%e5%85%8d%e8%b4%b9%e7%89%88 - {"headers":{},"body":"{\"remain\":2993,\"success\":1}","response":{"code":200,"message":"OK"},"cookies":[],"filename":null,"http_response":{"data":null,"headers":null,"status":null}}
[2021-09-30 06:24:35]: https://www.micsnow.com/shop/erp/%e5%be%ae%e9%9b%aa%e4%ba%91%e8%bf%9b%e9%94%80%e5%ad%98erp - {"headers":{},"body":"{\"remain\":2992,\"success\":1}","response":{"code":200,"message":"OK"},"cookies":[],"filename":null,"http_response":{"data":null,"headers":null,"status":null}}
[2021-09-30 06:45:22]: https://www.micsnow.com/shop/erp/%e5%be%ae%e9%9b%aa%e4%ba%91%e8%bf%9b%e9%94%80%e5%ad%98erp-%e5%9f%ba%e7%a1%80%e7%89%88 - {"headers":{},"body":"{\"remain\":2991,\"success\":1}","response":{"code":200,"message":"OK"},"cookies":[],"filename":null,"http_response":{"data":null,"headers":null,"status":null}}
[2021-09-30 06:48:11]: https://www.micsnow.com/shop/erp/%e5%be%ae%e9%9b%aa%e4%ba%91%e8%bf%9b%e9%94%80%e5%ad%98erp-%e6%97%97%e8%88%b0%e7%89%88 - {"headers":{},"body":"{\"remain\":2990,\"success\":1}","response":{"code":200,"message":"OK"},"cookies":[],"filename":null,"http_response":{"data":null,"headers":null,"status":null}}
[2021-09-30 06:48:12]: https://www.micsnow.com/shop/erp/%e5%be%ae%e9%9b%aa%e4%ba%91%e8%bf%9b%e9%94%80%e5%ad%98erp-%e4%b8%93%e4%b8%9a%e7%89%88 - {"headers":{},"body":"{\"remain\":2989,\"success\":1}","response":{"code":200,"message":"OK"},"cookies":[],"filename":null,"http_response":{"data":null,"headers":null,"status":null}}
[2021-09-30 07:40:15]: https://www.micsnow.com/shop/uncategorized/v-neck-t-shirt - {"headers":{},"body":"{\"remain\":2988,\"success\":1}","response":{"code":200,"message":"OK"},"cookies":[],"filename":null,"http_response":{"data":null,"headers":null,"status":null}}
[2021-09-30 07:40:15]: https://www.micsnow.com/shop/uncategorized/hoodie - {"headers":{},"body":"{\"remain\":2987,\"success\":1}","response":{"code":200,"message":"OK"},"cookies":[],"filename":null,"http_response":{"data":null,"headers":null,"status":null}}
[2021-09-30 07:40:16]: https://www.micsnow.com/shop/uncategorized/hoodie-with-logo - {"headers":{},"body":"{\"remain\":2986,\"success\":1}","response":{"code":200,"message":"OK"},"cookies":[],"filename":null,"http_response":{"data":null,"headers":null,"status":null}}
[2021-09-30 07:40:16]: https://www.micsnow.com/shop/uncategorized/t-shirt - {"headers":{},"body":"{\"remain\":2985,\"success\":1}","response":{"code":200,"message":"OK"},"cookies":[],"filename":null,"http_response":{"data":null,"headers":null,"status":null}}
[2021-09-30 07:40:16]: https://www.micsnow.com/shop/uncategorized/beanie - {"headers":{},"body":"{\"remain\":2984,\"success\":1}","response":{"code":200,"message":"OK"},"cookies":[],"filename":null,"http_response":{"data":null,"headers":null,"status":null}}
[2021-09-30 07:40:16]: https://www.micsnow.com/shop/uncategorized/belt - {"headers":{},"body":"{\"remain\":2983,\"success\":1}","response":{"code":200,"message":"OK"},"cookies":[],"filename":null,"http_response":{"data":null,"headers":null,"status":null}}
[2021-09-30 07:40:17]: https://www.micsnow.com/shop/uncategorized/cap - {"headers":{},"body":"{\"remain\":2982,\"success\":1}","response":{"code":200,"message":"OK"},"cookies":[],"filename":null,"http_response":{"data":null,"headers":null,"status":null}}
[2021-09-30 07:40:17]: https://www.micsnow.com/shop/uncategorized/sunglasses - {"headers":{},"body":"{\"remain\":2981,\"success\":1}","response":{"code":200,"message":"OK"},"cookies":[],"filename":null,"http_response":{"data":null,"headers":null,"status":null}}
[2021-09-30 07:40:17]: https://www.micsnow.com/shop/uncategorized/hoodie-with-pocket - {"headers":{},"body":"{\"remain\":2980,\"success\":1}","response":{"code":200,"message":"OK"},"cookies":[],"filename":null,"http_response":{"data":null,"headers":null,"status":null}}
[2021-09-30 07:40:18]: https://www.micsnow.com/shop/uncategorized/hoodie-with-zipper - {"headers":{},"body":"{\"remain\":2979,\"success\":1}","response":{"code":200,"message":"OK"},"cookies":[],"filename":null,"http_response":{"data":null,"headers":null,"status":null}}
[2021-09-30 07:40:18]: https://www.micsnow.com/shop/uncategorized/long-sleeve-tee - {"headers":{},"body":"{\"remain\":2978,\"success\":1}","response":{"code":200,"message":"OK"},"cookies":[],"filename":null,"http_response":{"data":null,"headers":null,"status":null}}
[2021-09-30 07:40:18]: https://www.micsnow.com/shop/uncategorized/polo - {"headers":{},"body":"{\"remain\":2977,\"success\":1}","response":{"code":200,"message":"OK"},"cookies":[],"filename":null,"http_response":{"data":null,"headers":null,"status":null}}
[2021-09-30 07:40:18]: https://www.micsnow.com/shop/uncategorized/album - {"headers":{},"body":"{\"remain\":2976,\"success\":1}","response":{"code":200,"message":"OK"},"cookies":[],"filename":null,"http_response":{"data":null,"headers":null,"status":null}}
[2021-09-30 07:40:18]: https://www.micsnow.com/shop/uncategorized/single - {"headers":{},"body":"{\"remain\":2975,\"success\":1}","response":{"code":200,"message":"OK"},"cookies":[],"filename":null,"http_response":{"data":null,"headers":null,"status":null}}
[2021-09-30 07:40:19]: https://www.micsnow.com/shop/uncategorized/t-shirt-with-logo - {"headers":{},"body":"{\"remain\":2974,\"success\":1}","response":{"code":200,"message":"OK"},"cookies":[],"filename":null,"http_response":{"data":null,"headers":null,"status":null}}
[2021-09-30 07:40:20]: https://www.micsnow.com/shop/uncategorized/beanie-with-logo - {"headers":{},"body":"{\"remain\":2973,\"success\":1}","response":{"code":200,"message":"OK"},"cookies":[],"filename":null,"http_response":{"data":null,"headers":null,"status":null}}
[2021-09-30 07:40:20]: https://www.micsnow.com/shop/uncategorized/logo-collection - {"headers":{},"body":"{\"remain\":2972,\"success\":1}","response":{"code":200,"message":"OK"},"cookies":[],"filename":null,"http_response":{"data":null,"headers":null,"status":null}}
[2021-09-30 07:40:20]: https://www.micsnow.com/shop/uncategorized/wordpress-pennant - {"headers":{},"body":"{\"remain\":2971,\"success\":1}","response":{"code":200,"message":"OK"},"cookies":[],"filename":null,"http_response":{"data":null,"headers":null,"status":null}}
[2021-09-30 09:23:33]: https://www.micsnow.com/shop/erp/%e5%be%ae%e9%9b%aa%e4%ba%91%e8%bf%9b%e9%94%80%e5%ad%98erp-%e5%9f%ba%e7%a1%80%e7%89%88-%e5%a4%8d%e5%88%b6 - {"headers":{},"body":"{\"remain\":2970,\"success\":1}","response":{"code":200,"message":"OK"},"cookies":[],"filename":null,"http_response":{"data":null,"headers":null,"status":null}}
[2021-09-30 09:25:36]: https://www.micsnow.com/shop/erp/ultimate-2 - {"headers":{},"body":"{\"remain\":2969,\"success\":1}","response":{"code":200,"message":"OK"},"cookies":[],"filename":null,"http_response":{"data":null,"headers":null,"status":null}}
[2021-09-30 10:19:11]: https://www.micsnow.com/shop/erp/ultimate - {"headers":{},"body":"{\"remain\":2968,\"success\":1}","response":{"code":200,"message":"OK"},"cookies":[],"filename":null,"http_response":{"data":null,"headers":null,"status":null}}
